[     281ms] [ERROR] Failed to load resource: the server responded with a status of 500 (Internal Server Error) @ http://localhost:3002/_next/static/media/bb3ef058b751a6ad-s.p.woff2:0
[     297ms] [ERROR] Failed to load resource: the server responded with a status of 500 (Internal Server Error) @ http://localhost:3002/_next/static/media/c4b700dcb2187787-s.p.woff2:0
[     302ms] [ERROR] Failed to load resource: the server responded with a status of 500 (Internal Server Error) @ http://localhost:3002/_next/static/css/460b5fb341962453.css:0
[     306ms] [ERROR] Failed to load resource: the server responded with a status of 500 (Internal Server Error) @ http://localhost:3002/_next/static/css/5d67779c001f4e97.css:0
[     311ms] [ERROR] Failed to load resource: the server responded with a status of 500 (Internal Server Error) @ http://localhost:3002/_next/static/media/e4af272ccee01ff0-s.p.woff2:0
[     314ms] [ERROR] Failed to load resource: the server responded with a status of 500 (Internal Server Error) @ http://localhost:3002/_next/static/css/05d6d8fcb903870d.css:0
[     367ms] [ERROR] Failed to load resource: the server responded with a status of 500 (Internal Server Error) @ http://localhost:3002/images/logo.svg:0
[     369ms] [ERROR] Failed to load resource: the server responded with a status of 500 (Internal Server Error) @ http://localhost:3002/_next/static/chunks/webpack-7e2a117809c134a4.js:0
[     369ms] [ERROR] Failed to load resource: the server responded with a status of 500 (Internal Server Error) @ http://localhost:3002/_next/static/chunks/87c73c54-dd8d81ac9604067c.js:0
[     369ms] [ERROR] Failed to load resource: the server responded with a status of 500 (Internal Server Error) @ http://localhost:3002/_next/static/chunks/90018-0f44b29a9ee0a91a.js:0
[     369ms] [ERROR] Failed to load resource: the server responded with a status of 500 (Internal Server Error) @ http://localhost:3002/_next/static/chunks/main-app-1201be0355acf271.js:0
[     370ms] [ERROR] Failed to load resource: the server responded with a status of 500 (Internal Server Error) @ http://localhost:3002/_next/static/chunks/891cff7f-dcf0b8e94fd9e2cd.js:0
[     370ms] [ERROR] Failed to load resource: the server responded with a status of 500 (Internal Server Error) @ http://localhost:3002/_next/static/chunks/51288-0fb44d6be82e9af5.js:0
[     370ms] [ERROR] Failed to load resource: the server responded with a status of 500 (Internal Server Error) @ http://localhost:3002/_next/static/chunks/14079-70bacdc9c734d291.js:0
[     370ms] [ERROR] Failed to load resource: the server responded with a status of 500 (Internal Server Error) @ http://localhost:3002/_next/static/chunks/53105-c5098dd7faa69cf4.js:0
[     370ms] [ERROR] Failed to load resource: the server responded with a status of 500 (Internal Server Error) @ http://localhost:3002/_next/static/chunks/95115-7f3830b22524c9f1.js:0
[     370ms] [ERROR] Failed to load resource: the server responded with a status of 500 (Internal Server Error) @ http://localhost:3002/_next/static/chunks/90880-8c4cda81ffff4a1f.js:0
[     372ms] [ERROR] Failed to load resource: the server responded with a status of 500 (Internal Server Error) @ http://localhost:3002/_next/static/chunks/81974-469a0fabac51ec40.js:0
[     377ms] [ERROR] Failed to load resource: the server responded with a status of 500 (Internal Server Error) @ http://localhost:3002/_next/static/chunks/98816-4875194b6205382d.js:0
[     382ms] [ERROR] Failed to load resource: the server responded with a status of 500 (Internal Server Error) @ http://localhost:3002/_next/static/chunks/80239-ce217fc534a5bb94.js:0
[     387ms] [ERROR] Failed to load resource: the server responded with a status of 500 (Internal Server Error) @ http://localhost:3002/_next/static/chunks/55016-167f6e1611137004.js:0
[     391ms] [ERROR] Failed to load resource: the server responded with a status of 500 (Internal Server Error) @ http://localhost:3002/_next/static/chunks/19664-8ce43df6b74bea12.js:0
[     398ms] [ERROR] Failed to load resource: the server responded with a status of 500 (Internal Server Error) @ http://localhost:3002/_next/static/chunks/75862-ad04ffab7fa65a12.js:0
[     403ms] [ERROR] Failed to load resource: the server responded with a status of 500 (Internal Server Error) @ http://localhost:3002/_next/static/chunks/8685-3edaeb533c1369b7.js:0
[     405ms] [ERROR] Failed to load resource: the server responded with a status of 500 (Internal Server Error) @ http://localhost:3002/_next/static/chunks/71251-e2aa75d985fc5a83.js:0
[     414ms] [ERROR] Failed to load resource: the server responded with a status of 500 (Internal Server Error) @ http://localhost:3002/_next/static/chunks/app/error-6caf5ebeb0efe198.js:0
[     417ms] [ERROR] Failed to load resource: the server responded with a status of 500 (Internal Server Error) @ http://localhost:3002/_next/static/chunks/cfdfcc00-442051842d4b5e4f.js:0
[     424ms] [ERROR] Failed to load resource: the server responded with a status of 500 (Internal Server Error) @ http://localhost:3002/_next/static/chunks/d30757c7-4ce3b53815c6f230.js:0
[     428ms] [ERROR] Failed to load resource: the server responded with a status of 500 (Internal Server Error) @ http://localhost:3002/_next/static/chunks/50867-ea61b3f576b2b1ee.js:0
[     431ms] [ERROR] Failed to load resource: the server responded with a status of 500 (Internal Server Error) @ http://localhost:3002/_next/static/chunks/40608-dee6463ebdfc9e22.js:0
[     434ms] [ERROR] Failed to load resource: the server responded with a status of 500 (Internal Server Error) @ http://localhost:3002/_next/static/chunks/96613-d9098930227907bd.js:0
[     439ms] [ERROR] Failed to load resource: the server responded with a status of 500 (Internal Server Error) @ http://localhost:3002/_next/static/chunks/56027-bc3528f4f0055373.js:0
[     443ms] [ERROR] Failed to load resource: the server responded with a status of 500 (Internal Server Error) @ http://localhost:3002/_next/static/chunks/45791-e31cbca6136076cf.js:0
[     446ms] [ERROR] Failed to load resource: the server responded with a status of 500 (Internal Server Error) @ http://localhost:3002/_next/static/chunks/90471-91c0eff0ba0bed06.js:0
[     448ms] [ERROR] Failed to load resource: the server responded with a status of 500 (Internal Server Error) @ http://localhost:3002/_next/static/chunks/67313-40f1c25780799bd7.js:0
[     451ms] [ERROR] Failed to load resource: the server responded with a status of 500 (Internal Server Error) @ http://localhost:3002/_next/static/chunks/73205-ab7123a5f22cbb72.js:0
[     454ms] [ERROR] Failed to load resource: the server responded with a status of 500 (Internal Server Error) @ http://localhost:3002/_next/static/chunks/20660-6634a7d1d75120f9.js:0
[     458ms] [ERROR] Failed to load resource: the server responded with a status of 500 (Internal Server Error) @ http://localhost:3002/_next/static/chunks/6701-b261496fefa2aa03.js:0
[     461ms] [ERROR] Failed to load resource: the server responded with a status of 500 (Internal Server Error) @ http://localhost:3002/_next/static/chunks/75762-467b848377fd67c6.js:0
[     465ms] [ERROR] Failed to load resource: the server responded with a status of 500 (Internal Server Error) @ http://localhost:3002/_next/static/chunks/app/(local)/layout-27850b1d00743f54.js:0
[     467ms] [ERROR] Failed to load resource: the server responded with a status of 500 (Internal Server Error) @ http://localhost:3002/_next/static/chunks/25537-d5a7c2e775dec5a3.js:0
[     470ms] [ERROR] Failed to load resource: the server responded with a status of 500 (Internal Server Error) @ http://localhost:3002/_next/static/chunks/app/not-found-753d8a2a7ab0f108.js:0
[     473ms] [ERROR] Failed to load resource: the server responded with a status of 500 (Internal Server Error) @ http://localhost:3002/_next/static/chunks/17551-41e254cba67232f3.js:0
[     476ms] [ERROR] Failed to load resource: the server responded with a status of 500 (Internal Server Error) @ http://localhost:3002/_next/static/chunks/app/(local)/%5B%5B...slug%5D%5D/page-fa3d2277edafa6c3.js:0
[     480ms] [ERROR] Failed to load resource: the server responded with a status of 500 (Internal Server Error) @ http://localhost:3002/_next/static/chunks/app/(local)/not-found-427995671162a2ce.js:0
[     485ms] [ERROR] Failed to load resource: the server responded with a status of 500 (Internal Server Error) @ http://localhost:3002/_next/static/chunks/8923-8f21a066888d855b.js:0
[     489ms] [ERROR] Failed to load resource: the server responded with a status of 500 (Internal Server Error) @ http://localhost:3002/_next/static/chunks/app/(local)/%40topbar/%5B%5B...slug%5D%5D/page-7d0f76346375fe62.js:0
[    1181ms] [ERROR] Failed to load resource: the server responded with a status of 500 (Internal Server Error) @ http://localhost:3002/favicons/favicon.ico:0
[    1189ms] [ERROR] Failed to load resource: the server responded with a status of 500 (Internal Server Error) @ http://localhost:3002/favicons/favicon-32x32.png:0
[    1195ms] [ERROR] Failed to load resource: the server responded with a status of 500 (Internal Server Error) @ http://localhost:3002/favicons/favicon-16x16.png:0
[    4197ms] [WARNING] The resource http://localhost:3002/_next/static/media/e4af272ccee01ff0-s.p.woff2 was preloaded using link preload but not used within a few seconds from the window's load event. Please make sure it has an appropriate `as` value and it is preloaded intentionally. @ http://localhost:3002/trending/2026-04-06/index:0
[    4197ms] [WARNING] The resource http://localhost:3002/_next/static/media/c4b700dcb2187787-s.p.woff2 was preloaded using link preload but not used within a few seconds from the window's load event. Please make sure it has an appropriate `as` value and it is preloaded intentionally. @ http://localhost:3002/trending/2026-04-06/index:0
[    4197ms] [WARNING] The resource http://localhost:3002/_next/static/media/bb3ef058b751a6ad-s.p.woff2 was preloaded using link preload but not used within a few seconds from the window's load event. Please make sure it has an appropriate `as` value and it is preloaded intentionally. @ http://localhost:3002/trending/2026-04-06/index:0
